# JRE version: OpenJDK Runtime Environment (8.0_112-b06) (build 1.8.0_112-release-b06)
# Java VM: OpenJDK 64-Bit Server VM (25.112-b06 mixed mode windows-amd64 compressed oops)
Heap:
 PSYoungGen      total 248832K, used 202804K [0x00000000e0000000, 0x00000000f5580000, 0x0000000100000000)
  eden space 208896K, 85% used [0x00000000e0000000,0x00000000eae52390,0x00000000ecc00000)
  from space 39936K, 60% used [0x00000000f2e80000,0x00000000f463b010,0x00000000f5580000)
  to   space 39936K, 0% used [0x00000000ecc00000,0x00000000ecc00000,0x00000000ef300000)
 ParOldGen       total 195584K, used 109899K [0x00000000a0000000, 0x00000000abf00000, 0x00000000e0000000)
  object space 195584K, 56% used [0x00000000a0000000,0x00000000a6b52d10,0x00000000abf00000)
 Metaspace       used 78374K, capacity 80456K, committed 82456K, reserved 1120256K
  class space    used 10108K, capacity 10551K, committed 11032K, reserved 1048576K
GC Heap History (10 events):
Event: 2621.182 GC heap before
{Heap before GC invocations=20 (full 3):
 PSYoungGen      total 181760K, used 181757K [0x00000000e0000000, 0x00000000f1800000, 0x0000000100000000)
  eden space 172544K, 100% used [0x00000000e0000000,0x00000000ea880000,0x00000000ea880000)
  from space 9216K, 99% used [0x00000000ec880000,0x00000000ed17f5d8,0x00000000ed180000)
  to   space 32768K, 0% used [0x00000000ea880000,0x00000000ea880000,0x00000000ec880000)
 ParOldGen       total 120832K, used 85589K [0x00000000a0000000, 0x00000000a7600000, 0x00000000e0000000)
  object space 120832K, 70% used [0x00000000a0000000,0x00000000a5395500,0x00000000a7600000)
 Metaspace       used 76532K, capacity 79360K, committed 79640K, reserved 1118208K
  class space    used 10069K, capacity 10670K, committed 10776K, reserved 1048576K
Event: 2621.337 GC heap after
Heap after GC invocations=20 (full 3):
 PSYoungGen      total 205312K, used 32764K [0x00000000e0000000, 0x00000000f1c00000, 0x0000000100000000)
  eden space 172544K, 0% used [0x00000000e0000000,0x00000000e0000000,0x00000000ea880000)
  from space 32768K, 99% used [0x00000000ea880000,0x00000000ec87f098,0x00000000ec880000)
  to   space 41984K, 0% used [0x00000000ef300000,0x00000000ef300000,0x00000000f1c00000)
 ParOldGen       total 120832K, used 95813K [0x00000000a0000000, 0x00000000a7600000, 0x00000000e0000000)
  object space 120832K, 79% used [0x00000000a0000000,0x00000000a5d91580,0x00000000a7600000)
 Metaspace       used 76532K, capacity 79360K, committed 79640K, reserved 1118208K
  class space    used 10069K, capacity 10670K, committed 10776K, reserved 1048576K
}
Event: 2624.257 GC heap before
{Heap before GC invocations=21 (full 3):
 PSYoungGen      total 205312K, used 205308K [0x00000000e0000000, 0x00000000f1c00000, 0x0000000100000000)
  eden space 172544K, 100% used [0x00000000e0000000,0x00000000ea880000,0x00000000ea880000)
  from space 32768K, 99% used [0x00000000ea880000,0x00000000ec87f098,0x00000000ec880000)
  to   space 41984K, 0% used [0x00000000ef300000,0x00000000ef300000,0x00000000f1c00000)
 ParOldGen       total 120832K, used 95813K [0x00000000a0000000, 0x00000000a7600000, 0x00000000e0000000)
  object space 120832K, 79% used [0x00000000a0000000,0x00000000a5d91580,0x00000000a7600000)
 Metaspace       used 76868K, capacity 79712K, committed 79896K, reserved 1118208K
  class space    used 10096K, capacity 10702K, committed 10776K, reserved 1048576K
Event: 2624.460 GC heap after
Heap after GC invocations=21 (full 3):
 PSYoungGen      total 250880K, used 17907K [0x00000000e0000000, 0x00000000f2080000, 0x0000000100000000)
  eden space 208896K, 0% used [0x00000000e0000000,0x00000000e0000000,0x00000000ecc00000)
  from space 41984K, 42% used [0x00000000ef300000,0x00000000f047cc88,0x00000000f1c00000)
  to   space 39936K, 0% used [0x00000000ecc00000,0x00000000ecc00000,0x00000000ef300000)
 ParOldGen       total 120832K, used 113172K [0x00000000a0000000, 0x00000000a7600000, 0x00000000e0000000)
  object space 120832K, 93% used [0x00000000a0000000,0x00000000a6e85298,0x00000000a7600000)
 Metaspace       used 76868K, capacity 79712K, committed 79896K, reserved 1118208K
  class space    used 10096K, capacity 10702K, committed 10776K, reserved 1048576K
}
Event: 2624.460 GC heap before
{Heap before GC invocations=22 (full 4):
 PSYoungGen      total 250880K, used 17907K [0x00000000e0000000, 0x00000000f2080000, 0x0000000100000000)
  eden space 208896K, 0% used [0x00000000e0000000,0x00000000e0000000,0x00000000ecc00000)
  from space 41984K, 42% used [0x00000000ef300000,0x00000000f047cc88,0x00000000f1c00000)
  to   space 39936K, 0% used [0x00000000ecc00000,0x00000000ecc00000,0x00000000ef300000)
 ParOldGen       total 120832K, used 113172K [0x00000000a0000000, 0x00000000a7600000, 0x00000000e0000000)
  object space 120832K, 93% used [0x00000000a0000000,0x00000000a6e85298,0x00000000a7600000)
 Metaspace       used 76868K, capacity 79712K, committed 79896K, reserved 1118208K
  class space    used 10096K, capacity 10702K, committed 10776K, reserved 1048576K
Event: 2626.301 GC heap after
Heap after GC invocations=22 (full 4):
 PSYoungGen      total 250880K, used 0K [0x00000000e0000000, 0x00000000f2080000, 0x0000000100000000)
  eden space 208896K, 0% used [0x00000000e0000000,0x00000000e0000000,0x00000000ecc00000)
  from space 41984K, 0% used [0x00000000ef300000,0x00000000ef300000,0x00000000f1c00000)
  to   space 39936K, 0% used [0x00000000ecc00000,0x00000000ecc00000,0x00000000ef300000)
 ParOldGen       total 195584K, used 91005K [0x00000000a0000000, 0x00000000abf00000, 0x00000000e0000000)
  object space 195584K, 46% used [0x00000000a0000000,0x00000000a58df7a8,0x00000000abf00000)
 Metaspace       used 75440K, capacity 77474K, committed 79896K, reserved 1118208K
  class space    used 9779K, capacity 10198K, committed 10776K, reserved 1048576K
}
Event: 2627.393 GC heap before
{Heap before GC invocations=23 (full 4):
 PSYoungGen      total 250880K, used 208896K [0x00000000e0000000, 0x00000000f2080000, 0x0000000100000000)
  eden space 208896K, 100% used [0x00000000e0000000,0x00000000ecc00000,0x00000000ecc00000)
  from space 41984K, 0% used [0x00000000ef300000,0x00000000ef300000,0x00000000f1c00000)
  to   space 39936K, 0% used [0x00000000ecc00000,0x00000000ecc00000,0x00000000ef300000)
 ParOldGen       total 195584K, used 91005K [0x00000000a0000000, 0x00000000abf00000, 0x00000000e0000000)
  object space 195584K, 46% used [0x00000000a0000000,0x00000000a58df7a8,0x00000000abf00000)
 Metaspace       used 75467K, capacity 77506K, committed 79896K, reserved 1118208K
  class space    used 9784K, capacity 10230K, committed 10776K, reserved 1048576K
Event: 2627.557 GC heap after
Heap after GC invocations=23 (full 4):
 PSYoungGen      total 248832K, used 23021K [0x00000000e0000000, 0x00000000f5580000, 0x0000000100000000)
  eden space 208896K, 0% used [0x00000000e0000000,0x00000000e0000000,0x00000000ecc00000)
  from space 39936K, 57% used [0x00000000ecc00000,0x00000000ee27b7f8,0x00000000ef300000)
  to   space 39936K, 0% used [0x00000000f2e80000,0x00000000f2e80000,0x00000000f5580000)
 ParOldGen       total 195584K, used 91005K [0x00000000a0000000, 0x00000000abf00000, 0x00000000e0000000)
  object space 195584K, 46% used [0x00000000a0000000,0x00000000a58df7a8,0x00000000abf00000)
 Metaspace       used 75467K, capacity 77506K, committed 79896K, reserved 1118208K
  class space    used 9784K, capacity 10230K, committed 10776K, reserved 1048576K
}
Event: 2628.590 GC heap before
{Heap before GC invocations=24 (full 4):
 PSYoungGen      total 248832K, used 231917K [0x00000000e0000000, 0x00000000f5580000, 0x0000000100000000)
  eden space 208896K, 100% used [0x00000000e0000000,0x00000000ecc00000,0x00000000ecc00000)
  from space 39936K, 57% used [0x00000000ecc00000,0x00000000ee27b7f8,0x00000000ef300000)
  to   space 39936K, 0% used [0x00000000f2e80000,0x00000000f2e80000,0x00000000f5580000)
 ParOldGen       total 195584K, used 91005K [0x00000000a0000000, 0x00000000abf00000, 0x00000000e0000000)
  object space 195584K, 46% used [0x00000000a0000000,0x00000000a58df7a8,0x00000000abf00000)
 Metaspace       used 75477K, capacity 77506K, committed 79896K, reserved 1118208K
  class space    used 9784K, capacity 10230K, committed 10776K, reserved 1048576K
Event: 2628.789 GC heap after
Heap after GC invocations=24 (full 4):
 PSYoungGen      total 248832K, used 24300K [0x00000000e0000000, 0x00000000f5580000, 0x0000000100000000)
  eden space 208896K, 0% used [0x00000000e0000000,0x00000000e0000000,0x00000000ecc00000)
  from space 39936K, 60% used [0x00000000f2e80000,0x00000000f463b010,0x00000000f5580000)
  to   space 39936K, 0% used [0x00000000ecc00000,0x00000000ecc00000,0x00000000ef300000)
 ParOldGen       total 195584K, used 109899K [0x00000000a0000000, 0x00000000abf00000, 0x00000000e0000000)
  object space 195584K, 56% used [0x00000000a0000000,0x00000000a6b52d10,0x00000000abf00000)
 Metaspace       used 75477K, capacity 77506K, committed 79896K, reserved 1118208K
  class space    used 9784K, capacity 10230K, committed 10776K, reserved 1048576K
}

