# JRE version: OpenJDK Runtime Environment (8.0_112-b06) (build 1.8.0_112-release-b06)
# Java VM: OpenJDK 64-Bit Server VM (25.112-b06 mixed mode windows-amd64 compressed oops)
Heap:
 PSYoungGen      total 268288K, used 99307K [0x00000000e0000000, 0x00000000f3300000, 0x0000000100000000)
  eden space 229376K, 26% used [0x00000000e0000000,0x00000000e3be3d60,0x00000000ee000000)
  from space 38912K, 97% used [0x00000000ee000000,0x00000000f0516f18,0x00000000f0600000)
  to   space 25600K, 0% used [0x00000000f0600000,0x00000000f0600000,0x00000000f1f00000)
 ParOldGen       total 148480K, used 55481K [0x00000000a0000000, 0x00000000a9100000, 0x00000000e0000000)
  object space 148480K, 37% used [0x00000000a0000000,0x00000000a362e628,0x00000000a9100000)
 Metaspace       used 70481K, capacity 72430K, committed 72704K, reserved 1112064K
  class space    used 8989K, capacity 9418K, committed 9472K, reserved 1048576K
GC Heap History (10 events):
Event: 112.371 GC heap before
{Heap before GC invocations=15 (full 3):
 PSYoungGen      total 200704K, used 9133K [0x00000000e0000000, 0x00000000ed600000, 0x0000000100000000)
  eden space 186368K, 0% used [0x00000000e0000000,0x00000000e0000000,0x00000000eb600000)
  from space 14336K, 63% used [0x00000000ec800000,0x00000000ed0eb5a0,0x00000000ed600000)
  to   space 16384K, 0% used [0x00000000eb600000,0x00000000eb600000,0x00000000ec600000)
 ParOldGen       total 64000K, used 37897K [0x00000000a0000000, 0x00000000a3e80000, 0x00000000e0000000)
  object space 64000K, 59% used [0x00000000a0000000,0x00000000a2502630,0x00000000a3e80000)
 Metaspace       used 57281K, capacity 58992K, committed 59136K, reserved 1099776K
  class space    used 7714K, capacity 8109K, committed 8192K, reserved 1048576K
Event: 113.170 GC heap after
Heap after GC invocations=15 (full 3):
 PSYoungGen      total 200704K, used 0K [0x00000000e0000000, 0x00000000ed600000, 0x0000000100000000)
  eden space 186368K, 0% used [0x00000000e0000000,0x00000000e0000000,0x00000000eb600000)
  from space 14336K, 0% used [0x00000000ec800000,0x00000000ec800000,0x00000000ed600000)
  to   space 16384K, 0% used [0x00000000eb600000,0x00000000eb600000,0x00000000ec600000)
 ParOldGen       total 102400K, used 38685K [0x00000000a0000000, 0x00000000a6400000, 0x00000000e0000000)
  object space 102400K, 37% used [0x00000000a0000000,0x00000000a25c7790,0x00000000a6400000)
 Metaspace       used 57279K, capacity 58986K, committed 59136K, reserved 1099776K
  class space    used 7713K, capacity 8108K, committed 8192K, reserved 1048576K
}
Event: 129.149 GC heap before
{Heap before GC invocations=16 (full 3):
 PSYoungGen      total 200704K, used 186368K [0x00000000e0000000, 0x00000000ed600000, 0x0000000100000000)
  eden space 186368K, 100% used [0x00000000e0000000,0x00000000eb600000,0x00000000eb600000)
  from space 14336K, 0% used [0x00000000ec800000,0x00000000ec800000,0x00000000ed600000)
  to   space 16384K, 0% used [0x00000000eb600000,0x00000000eb600000,0x00000000ec600000)
 ParOldGen       total 102400K, used 38687K [0x00000000a0000000, 0x00000000a6400000, 0x00000000e0000000)
  object space 102400K, 37% used [0x00000000a0000000,0x00000000a25c7e68,0x00000000a6400000)
 Metaspace       used 66407K, capacity 68142K, committed 68352K, reserved 1107968K
  class space    used 8747K, capacity 9170K, committed 9216K, reserved 1048576K
Event: 129.292 GC heap after
Heap after GC invocations=16 (full 3):
 PSYoungGen      total 202752K, used 16370K [0x00000000e0000000, 0x00000000f1f00000, 0x0000000100000000)
  eden space 186368K, 0% used [0x00000000e0000000,0x00000000e0000000,0x00000000eb600000)
  from space 16384K, 99% used [0x00000000eb600000,0x00000000ec5fc940,0x00000000ec600000)
  to   space 25600K, 0% used [0x00000000f0600000,0x00000000f0600000,0x00000000f1f00000)
 ParOldGen       total 102400K, used 57663K [0x00000000a0000000, 0x00000000a6400000, 0x00000000e0000000)
  object space 102400K, 56% used [0x00000000a0000000,0x00000000a384ffe8,0x00000000a6400000)
 Metaspace       used 66407K, capacity 68142K, committed 68352K, reserved 1107968K
  class space    used 8747K, capacity 9170K, committed 9216K, reserved 1048576K
}
Event: 220.415 GC heap before
{Heap before GC invocations=17 (full 3):
 PSYoungGen      total 202752K, used 202738K [0x00000000e0000000, 0x00000000f1f00000, 0x0000000100000000)
  eden space 186368K, 100% used [0x00000000e0000000,0x00000000eb600000,0x00000000eb600000)
  from space 16384K, 99% used [0x00000000eb600000,0x00000000ec5fc940,0x00000000ec600000)
  to   space 25600K, 0% used [0x00000000f0600000,0x00000000f0600000,0x00000000f1f00000)
 ParOldGen       total 102400K, used 57663K [0x00000000a0000000, 0x00000000a6400000, 0x00000000e0000000)
  object space 102400K, 56% used [0x00000000a0000000,0x00000000a384ffe8,0x00000000a6400000)
 Metaspace       used 69474K, capacity 71358K, committed 71680K, reserved 1112064K
  class space    used 8973K, capacity 9402K, committed 9472K, reserved 1048576K
Event: 220.617 GC heap after
Heap after GC invocations=17 (full 3):
 PSYoungGen      total 254976K, used 25578K [0x00000000e0000000, 0x00000000f3300000, 0x0000000100000000)
  eden space 229376K, 0% used [0x00000000e0000000,0x00000000e0000000,0x00000000ee000000)
  from space 25600K, 99% used [0x00000000f0600000,0x00000000f1efa870,0x00000000f1f00000)
  to   space 38912K, 0% used [0x00000000ee000000,0x00000000ee000000,0x00000000f0600000)
 ParOldGen       total 102400K, used 83463K [0x00000000a0000000, 0x00000000a6400000, 0x00000000e0000000)
  object space 102400K, 81% used [0x00000000a0000000,0x00000000a5181f28,0x00000000a6400000)
 Metaspace       used 69474K, capacity 71358K, committed 71680K, reserved 1112064K
  class space    used 8973K, capacity 9402K, committed 9472K, reserved 1048576K
}
Event: 220.617 GC heap before
{Heap before GC invocations=18 (full 4):
 PSYoungGen      total 254976K, used 25578K [0x00000000e0000000, 0x00000000f3300000, 0x0000000100000000)
  eden space 229376K, 0% used [0x00000000e0000000,0x00000000e0000000,0x00000000ee000000)
  from space 25600K, 99% used [0x00000000f0600000,0x00000000f1efa870,0x00000000f1f00000)
  to   space 38912K, 0% used [0x00000000ee000000,0x00000000ee000000,0x00000000f0600000)
 ParOldGen       total 102400K, used 83463K [0x00000000a0000000, 0x00000000a6400000, 0x00000000e0000000)
  object space 102400K, 81% used [0x00000000a0000000,0x00000000a5181f28,0x00000000a6400000)
 Metaspace       used 69474K, capacity 71358K, committed 71680K, reserved 1112064K
  class space    used 8973K, capacity 9402K, committed 9472K, reserved 1048576K
Event: 221.047 GC heap after
Heap after GC invocations=18 (full 4):
 PSYoungGen      total 254976K, used 0K [0x00000000e0000000, 0x00000000f3300000, 0x0000000100000000)
  eden space 229376K, 0% used [0x00000000e0000000,0x00000000e0000000,0x00000000ee000000)
  from space 25600K, 0% used [0x00000000f0600000,0x00000000f0600000,0x00000000f1f00000)
  to   space 38912K, 0% used [0x00000000ee000000,0x00000000ee000000,0x00000000f0600000)
 ParOldGen       total 148480K, used 55473K [0x00000000a0000000, 0x00000000a9100000, 0x00000000e0000000)
  object space 148480K, 37% used [0x00000000a0000000,0x00000000a362c628,0x00000000a9100000)
 Metaspace       used 69474K, capacity 71358K, committed 71680K, reserved 1112064K
  class space    used 8973K, capacity 9402K, committed 9472K, reserved 1048576K
}
Event: 233.926 GC heap before
{Heap before GC invocations=19 (full 4):
 PSYoungGen      total 254976K, used 229376K [0x00000000e0000000, 0x00000000f3300000, 0x0000000100000000)
  eden space 229376K, 100% used [0x00000000e0000000,0x00000000ee000000,0x00000000ee000000)
  from space 25600K, 0% used [0x00000000f0600000,0x00000000f0600000,0x00000000f1f00000)
  to   space 38912K, 0% used [0x00000000ee000000,0x00000000ee000000,0x00000000f0600000)
 ParOldGen       total 148480K, used 55473K [0x00000000a0000000, 0x00000000a9100000, 0x00000000e0000000)
  object space 148480K, 37% used [0x00000000a0000000,0x00000000a362c628,0x00000000a9100000)
 Metaspace       used 70390K, capacity 72366K, committed 72448K, reserved 1112064K
  class space    used 8988K, capacity 9418K, committed 9472K, reserved 1048576K
Event: 234.087 GC heap after
Heap after GC invocations=19 (full 4):
 PSYoungGen      total 268288K, used 37979K [0x00000000e0000000, 0x00000000f3300000, 0x0000000100000000)
  eden space 229376K, 0% used [0x00000000e0000000,0x00000000e0000000,0x00000000ee000000)
  from space 38912K, 97% used [0x00000000ee000000,0x00000000f0516f18,0x00000000f0600000)
  to   space 25600K, 0% used [0x00000000f0600000,0x00000000f0600000,0x00000000f1f00000)
 ParOldGen       total 148480K, used 55481K [0x00000000a0000000, 0x00000000a9100000, 0x00000000e0000000)
  object space 148480K, 37% used [0x00000000a0000000,0x00000000a362e628,0x00000000a9100000)
 Metaspace       used 70390K, capacity 72366K, committed 72448K, reserved 1112064K
  class space    used 8988K, capacity 9418K, committed 9472K, reserved 1048576K
}

